{"level":"info","message":"Hello from Acquisitions!","service":"acquistions-api"}
{"level":"info","message":"::1 - - [26/Nov/2025:14:44:21 +0000] \"GET / HTTP/1.1\" 200 24 \"-\" \"Mozilla/5.0 (Windows NT 10.0; Win64; x64) AppleWebKit/537.36 (KHTML, like Gecko) Chrome/142.0.0.0 Safari/537.36\"","service":"acquistions-api"}
{"level":"info","message":"::1 - - [26/Nov/2025:14:44:21 +0000] \"GET /favicon.ico HTTP/1.1\" 404 150 \"-\" \"Mozilla/5.0 (Windows NT 10.0; Win64; x64) AppleWebKit/537.36 (KHTML, like Gecko) Chrome/142.0.0.0 Safari/537.36\"","service":"acquistions-api"}
{"level":"info","message":"Hello from Acquisitions!","service":"acquistions-api"}
{"level":"info","message":"::1 - - [26/Nov/2025:14:48:40 +0000] \"GET / HTTP/1.1\" 304 - \"-\" \"Mozilla/5.0 (Windows NT 10.0; Win64; x64) AppleWebKit/537.36 (KHTML, like Gecko) Chrome/142.0.0.0 Safari/537.36\"","service":"acquistions-api"}
{"level":"info","message":"Hello from Acquisitions!","service":"acquistions-api"}
{"level":"info","message":"::1 - - [26/Nov/2025:15:07:06 +0000] \"GET / HTTP/1.1\" 200 24 \"-\" \"HTTPie\"","service":"acquistions-api"}
{"level":"info","message":"::1 - - [26/Nov/2025:15:08:29 +0000] \"GET /api HTTP/1.1\" 200 42 \"-\" \"HTTPie\"","service":"acquistions-api"}
{"level":"info","message":"::1 - - [26/Nov/2025:15:09:03 +0000] \"GET /health HTTP/1.1\" 200 36 \"-\" \"HTTPie\"","service":"acquistions-api"}
{"level":"info","message":"::1 - - [26/Nov/2025:15:10:09 +0000] \"GET /health HTTP/1.1\" 200 74 \"-\" \"HTTPie\"","service":"acquistions-api"}
{"level":"info","message":"::1 - - [26/Nov/2025:15:14:20 +0000] \"POST /api/auth/sign-in HTTP/1.1\" 200 31 \"-\" \"HTTPie\"","service":"acquistions-api"}
{"level":"info","message":"::1 - - [26/Nov/2025:15:54:18 +0000] \"POST /api/auth/sign-up HTTP/1.1\" 200 31 \"-\" \"HTTPie\"","service":"acquistions-api"}
{"level":"error","message":"Signup error Cannot destructure property 'name' of 'validationResult.data' as it is undefined.","service":"acquistions-api","stack":"TypeError: Cannot destructure property 'name' of 'validationResult.data' as it is undefined.\n    at signup (file:///C:/Users/IT/Desktop/acquisitions/src/controllers/auth.controller.js:16:17)\n    at Layer.handleRequest (C:\\Users\\IT\\Desktop\\acquisitions\\node_modules\\router\\lib\\layer.js:152:17)\n    at next (C:\\Users\\IT\\Desktop\\acquisitions\\node_modules\\router\\lib\\route.js:157:13)\n    at Route.dispatch (C:\\Users\\IT\\Desktop\\acquisitions\\node_modules\\router\\lib\\route.js:117:3)\n    at handle (C:\\Users\\IT\\Desktop\\acquisitions\\node_modules\\router\\index.js:435:11)\n    at Layer.handleRequest (C:\\Users\\IT\\Desktop\\acquisitions\\node_modules\\router\\lib\\layer.js:152:17)\n    at C:\\Users\\IT\\Desktop\\acquisitions\\node_modules\\router\\index.js:295:15\n    at processParams (C:\\Users\\IT\\Desktop\\acquisitions\\node_modules\\router\\index.js:582:12)\n    at next (C:\\Users\\IT\\Desktop\\acquisitions\\node_modules\\router\\index.js:291:5)\n    at router.handle (C:\\Users\\IT\\Desktop\\acquisitions\\node_modules\\router\\index.js:186:3)"}
{"level":"info","message":"::1 - - [26/Nov/2025:15:55:18 +0000] \"POST /api/auth/sign-up HTTP/1.1\" 500 1276 \"-\" \"HTTPie\"","service":"acquistions-api"}
{"level":"error","message":"Signup error Cannot destructure property 'name' of 'validationResult.data' as it is undefined.","service":"acquistions-api","stack":"TypeError: Cannot destructure property 'name' of 'validationResult.data' as it is undefined.\n    at signup (file:///C:/Users/IT/Desktop/acquisitions/src/controllers/auth.controller.js:16:17)\n    at Layer.handleRequest (C:\\Users\\IT\\Desktop\\acquisitions\\node_modules\\router\\lib\\layer.js:152:17)\n    at next (C:\\Users\\IT\\Desktop\\acquisitions\\node_modules\\router\\lib\\route.js:157:13)\n    at Route.dispatch (C:\\Users\\IT\\Desktop\\acquisitions\\node_modules\\router\\lib\\route.js:117:3)\n    at handle (C:\\Users\\IT\\Desktop\\acquisitions\\node_modules\\router\\index.js:435:11)\n    at Layer.handleRequest (C:\\Users\\IT\\Desktop\\acquisitions\\node_modules\\router\\lib\\layer.js:152:17)\n    at C:\\Users\\IT\\Desktop\\acquisitions\\node_modules\\router\\index.js:295:15\n    at processParams (C:\\Users\\IT\\Desktop\\acquisitions\\node_modules\\router\\index.js:582:12)\n    at next (C:\\Users\\IT\\Desktop\\acquisitions\\node_modules\\router\\index.js:291:5)\n    at router.handle (C:\\Users\\IT\\Desktop\\acquisitions\\node_modules\\router\\index.js:186:3)"}
{"level":"info","message":"::1 - - [26/Nov/2025:15:55:44 +0000] \"POST /api/auth/sign-up HTTP/1.1\" 500 1276 \"-\" \"HTTPie\"","service":"acquistions-api"}
{"level":"error","message":"Signup error Cannot destructure property 'name' of 'validationResult.data' as it is undefined.","service":"acquistions-api","stack":"TypeError: Cannot destructure property 'name' of 'validationResult.data' as it is undefined.\n    at signup (file:///C:/Users/IT/Desktop/acquisitions/src/controllers/auth.controller.js:16:17)\n    at Layer.handleRequest (C:\\Users\\IT\\Desktop\\acquisitions\\node_modules\\router\\lib\\layer.js:152:17)\n    at next (C:\\Users\\IT\\Desktop\\acquisitions\\node_modules\\router\\lib\\route.js:157:13)\n    at Route.dispatch (C:\\Users\\IT\\Desktop\\acquisitions\\node_modules\\router\\lib\\route.js:117:3)\n    at handle (C:\\Users\\IT\\Desktop\\acquisitions\\node_modules\\router\\index.js:435:11)\n    at Layer.handleRequest (C:\\Users\\IT\\Desktop\\acquisitions\\node_modules\\router\\lib\\layer.js:152:17)\n    at C:\\Users\\IT\\Desktop\\acquisitions\\node_modules\\router\\index.js:295:15\n    at processParams (C:\\Users\\IT\\Desktop\\acquisitions\\node_modules\\router\\index.js:582:12)\n    at next (C:\\Users\\IT\\Desktop\\acquisitions\\node_modules\\router\\index.js:291:5)\n    at router.handle (C:\\Users\\IT\\Desktop\\acquisitions\\node_modules\\router\\index.js:186:3)"}
{"level":"info","message":"::1 - - [26/Nov/2025:15:56:18 +0000] \"POST /api/auth/sign-up HTTP/1.1\" 500 1276 \"-\" \"HTTPie\"","service":"acquistions-api"}
{"level":"error","message":"Signup error res.staus is not a function","service":"acquistions-api","stack":"TypeError: res.staus is not a function\n    at signup (file:///C:/Users/IT/Desktop/acquisitions/src/controllers/auth.controller.js:10:24)\n    at Layer.handleRequest (C:\\Users\\IT\\Desktop\\acquisitions\\node_modules\\router\\lib\\layer.js:152:17)\n    at next (C:\\Users\\IT\\Desktop\\acquisitions\\node_modules\\router\\lib\\route.js:157:13)\n    at Route.dispatch (C:\\Users\\IT\\Desktop\\acquisitions\\node_modules\\router\\lib\\route.js:117:3)\n    at handle (C:\\Users\\IT\\Desktop\\acquisitions\\node_modules\\router\\index.js:435:11)\n    at Layer.handleRequest (C:\\Users\\IT\\Desktop\\acquisitions\\node_modules\\router\\lib\\layer.js:152:17)\n    at C:\\Users\\IT\\Desktop\\acquisitions\\node_modules\\router\\index.js:295:15\n    at processParams (C:\\Users\\IT\\Desktop\\acquisitions\\node_modules\\router\\index.js:582:12)\n    at next (C:\\Users\\IT\\Desktop\\acquisitions\\node_modules\\router\\index.js:291:5)\n    at router.handle (C:\\Users\\IT\\Desktop\\acquisitions\\node_modules\\router\\index.js:186:3)"}
{"level":"info","message":"::1 - - [26/Nov/2025:15:57:49 +0000] \"POST /api/auth/sign-up HTTP/1.1\" 500 1206 \"-\" \"HTTPie\"","service":"acquistions-api"}
{"level":"error","message":"Signup error res.staus is not a function","service":"acquistions-api","stack":"TypeError: res.staus is not a function\n    at signup (file:///C:/Users/IT/Desktop/acquisitions/src/controllers/auth.controller.js:10:24)\n    at Layer.handleRequest (C:\\Users\\IT\\Desktop\\acquisitions\\node_modules\\router\\lib\\layer.js:152:17)\n    at next (C:\\Users\\IT\\Desktop\\acquisitions\\node_modules\\router\\lib\\route.js:157:13)\n    at Route.dispatch (C:\\Users\\IT\\Desktop\\acquisitions\\node_modules\\router\\lib\\route.js:117:3)\n    at handle (C:\\Users\\IT\\Desktop\\acquisitions\\node_modules\\router\\index.js:435:11)\n    at Layer.handleRequest (C:\\Users\\IT\\Desktop\\acquisitions\\node_modules\\router\\lib\\layer.js:152:17)\n    at C:\\Users\\IT\\Desktop\\acquisitions\\node_modules\\router\\index.js:295:15\n    at processParams (C:\\Users\\IT\\Desktop\\acquisitions\\node_modules\\router\\index.js:582:12)\n    at next (C:\\Users\\IT\\Desktop\\acquisitions\\node_modules\\router\\index.js:291:5)\n    at router.handle (C:\\Users\\IT\\Desktop\\acquisitions\\node_modules\\router\\index.js:186:3)"}
{"level":"info","message":"::1 - - [26/Nov/2025:15:57:51 +0000] \"POST /api/auth/sign-up HTTP/1.1\" 500 1206 \"-\" \"HTTPie\"","service":"acquistions-api"}
{"level":"info","message":"::1 - - [26/Nov/2025:15:57:55 +0000] \"POST /api/auth/sign-u HTTP/1.1\" 404 155 \"-\" \"HTTPie\"","service":"acquistions-api"}
{"level":"error","message":"Signup error res.staus is not a function","service":"acquistions-api","stack":"TypeError: res.staus is not a function\n    at signup (file:///C:/Users/IT/Desktop/acquisitions/src/controllers/auth.controller.js:10:24)\n    at Layer.handleRequest (C:\\Users\\IT\\Desktop\\acquisitions\\node_modules\\router\\lib\\layer.js:152:17)\n    at next (C:\\Users\\IT\\Desktop\\acquisitions\\node_modules\\router\\lib\\route.js:157:13)\n    at Route.dispatch (C:\\Users\\IT\\Desktop\\acquisitions\\node_modules\\router\\lib\\route.js:117:3)\n    at handle (C:\\Users\\IT\\Desktop\\acquisitions\\node_modules\\router\\index.js:435:11)\n    at Layer.handleRequest (C:\\Users\\IT\\Desktop\\acquisitions\\node_modules\\router\\lib\\layer.js:152:17)\n    at C:\\Users\\IT\\Desktop\\acquisitions\\node_modules\\router\\index.js:295:15\n    at processParams (C:\\Users\\IT\\Desktop\\acquisitions\\node_modules\\router\\index.js:582:12)\n    at next (C:\\Users\\IT\\Desktop\\acquisitions\\node_modules\\router\\index.js:291:5)\n    at router.handle (C:\\Users\\IT\\Desktop\\acquisitions\\node_modules\\router\\index.js:186:3)"}
{"level":"info","message":"::1 - - [26/Nov/2025:15:57:57 +0000] \"POST /api/auth/sign-up HTTP/1.1\" 500 1206 \"-\" \"HTTPie\"","service":"acquistions-api"}
{"level":"info","message":"::1 - - [26/Nov/2025:15:59:53 +0000] \"POST /api/auth/sign-up HTTP/1.1\" 400 92 \"-\" \"HTTPie\"","service":"acquistions-api"}
{"level":"info","message":"::1 - - [26/Nov/2025:16:01:04 +0000] \"POST /api/auth/sign-up HTTP/1.1\" 400 144 \"-\" \"HTTPie\"","service":"acquistions-api"}
{"level":"info","message":"User registered successfully: bolajidawodu189@gmail.com","service":"acquistions-api"}
{"level":"info","message":"::1 - - [26/Nov/2025:16:01:42 +0000] \"POST /api/auth/sign-up HTTP/1.1\" 201 111 \"-\" \"HTTPie\"","service":"acquistions-api"}
{"level":"info","message":"::1 - - [27/Nov/2025:07:51:43 +0000] \"GET /favicon.ico HTTP/1.1\" 404 150 \"-\" \"Mozilla/5.0 (Windows NT 10.0; Win64; x64) AppleWebKit/537.36 (KHTML, like Gecko) Chrome/142.0.0.0 Safari/537.36\"","service":"acquistions-api"}
{"level":"info","message":"Hello from Acquisitions!","service":"acquistions-api"}
{"level":"info","message":"::1 - - [27/Nov/2025:07:51:55 +0000] \"GET / HTTP/1.1\" 304 - \"-\" \"Mozilla/5.0 (Windows NT 10.0; Win64; x64) AppleWebKit/537.36 (KHTML, like Gecko) Chrome/142.0.0.0 Safari/537.36\"","service":"acquistions-api"}
{"level":"info","message":"::1 - - [27/Nov/2025:07:52:37 +0000] \"POST /api HTTP/1.1\" 404 143 \"-\" \"HTTPie\"","service":"acquistions-api"}
{"level":"info","message":"::1 - - [27/Nov/2025:07:52:44 +0000] \"GET /api HTTP/1.1\" 200 42 \"-\" \"HTTPie\"","service":"acquistions-api"}
{"level":"info","message":"User admin@kahuna.com created successfully","service":"acquistions-api"}
{"level":"info","message":"User registered successfully: admin@kahuna.com","service":"acquistions-api"}
{"level":"info","message":"::1 - - [27/Nov/2025:07:53:24 +0000] \"POST /api/auth/sign-up HTTP/1.1\" 201 102 \"-\" \"HTTPie\"","service":"acquistions-api"}
{"level":"info","message":"User dawodubolaji189@gmail.com created successfully","service":"acquistions-api"}
{"level":"info","message":"User registered successfully: dawodubolaji189@gmail.com","service":"acquistions-api"}
{"level":"info","message":"::1 - - [27/Nov/2025:07:54:14 +0000] \"POST /api/auth/sign-up HTTP/1.1\" 201 111 \"-\" \"HTTPie\"","service":"acquistions-api"}
{"level":"info","message":"User dawodubolaji189@gmail.com authenticated successfully","service":"acquistions-api"}
{"level":"info","message":"User signed in successfully: dawodubolaji189@gmail.com","service":"acquistions-api"}
{"level":"info","message":"::1 - - [27/Nov/2025:09:05:24 +0000] \"POST /api/auth/sign-in HTTP/1.1\" 200 110 \"-\" \"HTTPie\"","service":"acquistions-api"}
{"level":"info","message":"User dawodubolaji189@gmail.com authenticated successfully","service":"acquistions-api"}
{"level":"info","message":"User signed in successfully: dawodubolaji189@gmail.com","service":"acquistions-api"}
{"level":"info","message":"::1 - - [27/Nov/2025:09:05:51 +0000] \"POST /api/auth/sign-in HTTP/1.1\" 200 110 \"-\" \"HTTPie\"","service":"acquistions-api"}
{"level":"info","message":"User signed out successfully","service":"acquistions-api"}
{"level":"info","message":"::1 - - [27/Nov/2025:09:06:36 +0000] \"POST /api/auth/sign-out HTTP/1.1\" 200 42 \"-\" \"HTTPie\"","service":"acquistions-api"}
